2015-09-10,08:43:44     INFO:                     server.__main__ -                                                       ssh_for_git:     ssh ute@localhost
2015-09-10,08:43:47    DEBUG:                     server.__main__ -                                                        git_launch:     ssh_process = <pexpect.spawn object at 0xeb5d90>
version: 3.2
command: /usr/bin/ssh
args: ['/usr/bin/ssh', 'ute@localhost']
searcher: <pexpect.searcher_re object at 0xebf0d0>
buffer (last 100 chars): ''
before (last 100 chars): ''
after: 'Linux ute-image 3.2.0-4-amd64 #1 SMP Debian 3.2.65-1 x86_64\r\n\r\nThe programs included with the Debian GNU/Linux system are free software;\r\nthe exact distribution terms for each program are described in the\r\nindividual files in /usr/share/doc/*/copyright.\r\n\r\nDebian GNU/Linux comes with ABSOLUTELY NO WARRANTY, to the extent\r\npermitted by applicable law.\r\nLast login: Wed Sep  9 14:56:48 2015 from ::1\r\r\nute@ute-image:~$ cd /home/ute/auto/ruff_scripts/'
match: <_sre.SRE_Match object at 0xe41f38>
match_index: 0
exitstatus: None
flag_eof: False
pid: 10794
child_fd: 6
closed: False
timeout: 30
delimiter: <class 'pexpect.EOF'>
logfile: None
logfile_read: None
logfile_send: None
maxread: 2000
ignorecase: False
searchwindowsize: None
delaybeforesend: 0.05
delayafterclose: 0.1
delayafterterminate: 0.1
2015-09-10,08:43:48    ERROR:                     server.__main__ -                                                        git_action:     I don't know what's happened
2015-09-10,08:50:19     INFO:                     server.__main__ -                                                       ssh_for_git:     ssh ute@localhost
2015-09-10,08:50:22    DEBUG:                     server.__main__ -                                                        git_launch:     ssh_process = <pexpect.spawn object at 0xfcfd90>
version: 3.2
command: /usr/bin/ssh
args: ['/usr/bin/ssh', 'ute@localhost']
searcher: <pexpect.searcher_re object at 0xfd90d0>
buffer (last 100 chars): ''
before (last 100 chars): ''
after: 'Linux ute-image 3.2.0-4-amd64 #1 SMP Debian 3.2.65-1 x86_64\r\n\r\nThe programs included with the Debian GNU/Linux system are free software;\r\nthe exact distribution terms for each program are described in the\r\nindividual files in /usr/share/doc/*/copyright.\r\n\r\nDebian GNU/Linux comes with ABSOLUTELY NO WARRANTY, to the extent\r\npermitted by applicable law.\r\nLast login: Thu Sep 10 10:44:27 2015 from ::1\r\r\nute@ute-image:~$ cd /home/ute/auto/ruff_scripts/'
match: <_sre.SRE_Match object at 0xf5bf38>
match_index: 0
exitstatus: None
flag_eof: False
pid: 11448
child_fd: 6
closed: False
timeout: 30
delimiter: <class 'pexpect.EOF'>
logfile: None
logfile_read: None
logfile_send: None
maxread: 2000
ignorecase: False
searchwindowsize: None
delaybeforesend: 0.05
delayafterclose: 0.1
delayafterterminate: 0.1
2015-09-10,08:50:23    ERROR:                     server.__main__ -                                                        git_action:     I don't know what's happened
2015-09-10,08:51:26     INFO:                     server.__main__ -                                                       ssh_for_git:     ssh ute@localhost
2015-09-10,08:51:29    DEBUG:                     server.__main__ -                                                        git_launch:     ssh_process = <pexpect.spawn object at 0xdc1d90>
version: 3.2
command: /usr/bin/ssh
args: ['/usr/bin/ssh', 'ute@localhost']
searcher: <pexpect.searcher_re object at 0xdcb0d0>
buffer (last 100 chars): ''
before (last 100 chars): ''
after: 'Linux ute-image 3.2.0-4-amd64 #1 SMP Debian 3.2.65-1 x86_64\r\n\r\nThe programs included with the Debian GNU/Linux system are free software;\r\nthe exact distribution terms for each program are described in the\r\nindividual files in /usr/share/doc/*/copyright.\r\n\r\nDebian GNU/Linux comes with ABSOLUTELY NO WARRANTY, to the extent\r\npermitted by applicable law.\r\nLast login: Thu Sep 10 10:50:19 2015 from ::1\r\r\nute@ute-image:~$ cd /home/ute/auto/ruff_scripts/'
match: <_sre.SRE_Match object at 0xd4ef38>
match_index: 0
exitstatus: None
flag_eof: False
pid: 11562
child_fd: 6
closed: False
timeout: 30
delimiter: <class 'pexpect.EOF'>
logfile: None
logfile_read: None
logfile_send: None
maxread: 2000
ignorecase: False
searchwindowsize: None
delaybeforesend: 0.05
delayafterclose: 0.1
delayafterterminate: 0.1
2015-09-10,08:51:30    ERROR:                     server.__main__ -                                                        git_action:     I don't know what's happened
2015-09-10,09:01:29     INFO:                     server.__main__ -                                                       ssh_for_git:     ssh ute@localhost
2015-09-10,09:01:32    DEBUG:                     server.__main__ -                                                        git_launch:     ssh_process = <pexpect.spawn object at 0xf58d90>
version: 3.2
command: /usr/bin/ssh
args: ['/usr/bin/ssh', 'ute@localhost']
searcher: <pexpect.searcher_re object at 0xf620d0>
buffer (last 100 chars): ''
before (last 100 chars): ''
after: 'Linux ute-image 3.2.0-4-amd64 #1 SMP Debian 3.2.65-1 x86_64\r\n\r\nThe programs included with the Debian GNU/Linux system are free software;\r\nthe exact distribution terms for each program are described in the\r\nindividual files in /usr/share/doc/*/copyright.\r\n\r\nDebian GNU/Linux comes with ABSOLUTELY NO WARRANTY, to the extent\r\npermitted by applicable law.\r\nLast login: Thu Sep 10 10:51:26 2015 from ::1\r\r\nute@ute-image:~$ cd /home/ute/auto/ruff_scripts/'
match: <_sre.SRE_Match object at 0xee5f38>
match_index: 0
exitstatus: None
flag_eof: False
pid: 11988
child_fd: 6
closed: False
timeout: 30
delimiter: <class 'pexpect.EOF'>
logfile: None
logfile_read: None
logfile_send: None
maxread: 2000
ignorecase: False
searchwindowsize: None
delaybeforesend: 0.05
delayafterclose: 0.1
delayafterterminate: 0.1
2015-09-10,09:01:33    ERROR:                     server.__main__ -                                                        git_action:     I don't know what's happened
2015-09-10,09:02:36     INFO:                     server.__main__ -                                                       ssh_for_git:     ssh ute@localhost
2015-09-10,09:02:39    DEBUG:                     server.__main__ -                                                        git_launch:     ssh_process = <pexpect.spawn object at 0x19bed90>
version: 3.2
command: /usr/bin/ssh
args: ['/usr/bin/ssh', 'ute@localhost']
searcher: <pexpect.searcher_re object at 0x19c80d0>
buffer (last 100 chars): ''
before (last 100 chars): ''
after: 'Linux ute-image 3.2.0-4-amd64 #1 SMP Debian 3.2.65-1 x86_64\r\n\r\nThe programs included with the Debian GNU/Linux system are free software;\r\nthe exact distribution terms for each program are described in the\r\nindividual files in /usr/share/doc/*/copyright.\r\n\r\nDebian GNU/Linux comes with ABSOLUTELY NO WARRANTY, to the extent\r\npermitted by applicable law.\r\nLast login: Thu Sep 10 11:01:39 2015 from ::1\r\r\nute@ute-image:~$ cd /home/ute/auto/ruff_scripts/'
match: <_sre.SRE_Match object at 0x194bf38>
match_index: 0
exitstatus: None
flag_eof: False
pid: 12259
child_fd: 6
closed: False
timeout: 30
delimiter: <class 'pexpect.EOF'>
logfile: None
logfile_read: None
logfile_send: None
maxread: 2000
ignorecase: False
searchwindowsize: None
delaybeforesend: 0.05
delayafterclose: 0.1
delayafterterminate: 0.1
2015-09-10,09:02:40    ERROR:                     server.__main__ -                                                        git_action:     I don't know what's happened
2015-09-10,09:03:16     INFO:                     server.__main__ -                                                       ssh_for_git:     ssh ute@localhost
2015-09-10,09:03:19    DEBUG:                     server.__main__ -                                                        git_launch:     ssh_process = <pexpect.spawn object at 0x1e5dd90>
version: 3.2
command: /usr/bin/ssh
args: ['/usr/bin/ssh', 'ute@localhost']
searcher: <pexpect.searcher_re object at 0x1e670d0>
buffer (last 100 chars): ''
before (last 100 chars): ''
after: 'Linux ute-image 3.2.0-4-amd64 #1 SMP Debian 3.2.65-1 x86_64\r\n\r\nThe programs included with the Debian GNU/Linux system are free software;\r\nthe exact distribution terms for each program are described in the\r\nindividual files in /usr/share/doc/*/copyright.\r\n\r\nDebian GNU/Linux comes with ABSOLUTELY NO WARRANTY, to the extent\r\npermitted by applicable law.\r\nLast login: Thu Sep 10 11:02:36 2015 from ::1\r\r\nute@ute-image:~$ cd /home/ute/auto/ruff_scripts/'
match: <_sre.SRE_Match object at 0x1de9f38>
match_index: 0
exitstatus: None
flag_eof: False
pid: 12369
child_fd: 6
closed: False
timeout: 30
delimiter: <class 'pexpect.EOF'>
logfile: None
logfile_read: None
logfile_send: None
maxread: 2000
ignorecase: False
searchwindowsize: None
delaybeforesend: 0.05
delayafterclose: 0.1
delayafterterminate: 0.1
2015-09-10,09:03:21    ERROR:                     server.__main__ -                                                        git_action:     I don't know what's happened
2015-09-10,09:05:56     INFO:                     server.__main__ -                                                       ssh_for_git:     ssh ute@localhost
2015-09-10,09:05:59    DEBUG:                     server.__main__ -                                                        git_launch:     ssh_process = <pexpect.spawn object at 0x1a3ad90>
version: 3.2
command: /usr/bin/ssh
args: ['/usr/bin/ssh', 'ute@localhost']
searcher: <pexpect.searcher_re object at 0x1a440d0>
buffer (last 100 chars): ''
before (last 100 chars): ''
after: 'Linux ute-image 3.2.0-4-amd64 #1 SMP Debian 3.2.65-1 x86_64\r\n\r\nThe programs included with the Debian GNU/Linux system are free software;\r\nthe exact distribution terms for each program are described in the\r\nindividual files in /usr/share/doc/*/copyright.\r\n\r\nDebian GNU/Linux comes with ABSOLUTELY NO WARRANTY, to the extent\r\npermitted by applicable law.\r\nLast login: Thu Sep 10 11:03:16 2015 from ::1\r\r\nute@ute-image:~$ cd /home/ute/auto/ruff_scripts/'
match: <_sre.SRE_Match object at 0x19c6f38>
match_index: 0
exitstatus: None
flag_eof: False
pid: 12542
child_fd: 6
closed: False
timeout: 30
delimiter: <class 'pexpect.EOF'>
logfile: None
logfile_read: None
logfile_send: None
maxread: 2000
ignorecase: False
searchwindowsize: None
delaybeforesend: 0.05
delayafterclose: 0.1
delayafterterminate: 0.1
2015-09-10,09:06:00    ERROR:                     server.__main__ -                                                        git_action:     I don't know what's happened
2015-09-10,09:06:14     INFO:                     server.__main__ -                                                       ssh_for_git:     ssh ute@localhost
2015-09-10,09:06:17    DEBUG:                     server.__main__ -                                                        git_launch:     ssh_process = <pexpect.spawn object at 0x27bcd90>
version: 3.2
command: /usr/bin/ssh
args: ['/usr/bin/ssh', 'ute@localhost']
searcher: <pexpect.searcher_re object at 0x27c60d0>
buffer (last 100 chars): ''
before (last 100 chars): ''
after: 'Linux ute-image 3.2.0-4-amd64 #1 SMP Debian 3.2.65-1 x86_64\r\n\r\nThe programs included with the Debian GNU/Linux system are free software;\r\nthe exact distribution terms for each program are described in the\r\nindividual files in /usr/share/doc/*/copyright.\r\n\r\nDebian GNU/Linux comes with ABSOLUTELY NO WARRANTY, to the extent\r\npermitted by applicable law.\r\nLast login: Thu Sep 10 11:05:56 2015 from ::1\r\r\nute@ute-image:~$ cd /home/ute/auto/ruff_scripts/'
match: <_sre.SRE_Match object at 0x2748f38>
match_index: 0
exitstatus: None
flag_eof: False
pid: 12670
child_fd: 6
closed: False
timeout: 30
delimiter: <class 'pexpect.EOF'>
logfile: None
logfile_read: None
logfile_send: None
maxread: 2000
ignorecase: False
searchwindowsize: None
delaybeforesend: 0.05
delayafterclose: 0.1
delayafterterminate: 0.1
2015-09-10,09:06:19    ERROR:                     server.__main__ -                                                        git_action:     I don't know what's happened
2015-09-10,09:09:14     INFO:                     server.__main__ -                                                       ssh_for_git:     ssh ute@localhost
2015-09-10,09:09:18    DEBUG:                     server.__main__ -                                                        git_launch:     ssh_process = <pexpect.spawn object at 0x1d8ed90>
version: 3.2
command: /usr/bin/ssh
args: ['/usr/bin/ssh', 'ute@localhost']
searcher: <pexpect.searcher_re object at 0x1d980d0>
buffer (last 100 chars): ''
before (last 100 chars): ''
after: 'Linux ute-image 3.2.0-4-amd64 #1 SMP Debian 3.2.65-1 x86_64\r\n\r\nThe programs included with the Debian GNU/Linux system are free software;\r\nthe exact distribution terms for each program are described in the\r\nindividual files in /usr/share/doc/*/copyright.\r\n\r\nDebian GNU/Linux comes with ABSOLUTELY NO WARRANTY, to the extent\r\npermitted by applicable law.\r\nLast login: Thu Sep 10 11:06:14 2015 from ::1\r\r\nute@ute-image:~$ cd /home/ute/auto/ruff_scripts/'
match: <_sre.SRE_Match object at 0x1d1af38>
match_index: 0
exitstatus: None
flag_eof: False
pid: 12838
child_fd: 6
closed: False
timeout: 30
delimiter: <class 'pexpect.EOF'>
logfile: None
logfile_read: None
logfile_send: None
maxread: 2000
ignorecase: False
searchwindowsize: None
delaybeforesend: 0.05
delayafterclose: 0.1
delayafterterminate: 0.1
2015-09-10,09:09:19    ERROR:                     server.__main__ -                                                        git_action:     I don't know what's happened
2015-09-10,09:09:25     INFO:                     server.__main__ -                                                       ssh_for_git:     ssh ute@localhost
2015-09-10,09:09:28    DEBUG:                     server.__main__ -                                                        git_launch:     ssh_process = <pexpect.spawn object at 0x21c9d90>
version: 3.2
command: /usr/bin/ssh
args: ['/usr/bin/ssh', 'ute@localhost']
searcher: <pexpect.searcher_re object at 0x21d30d0>
buffer (last 100 chars): ''
before (last 100 chars): ''
after: 'Linux ute-image 3.2.0-4-amd64 #1 SMP Debian 3.2.65-1 x86_64\r\n\r\nThe programs included with the Debian GNU/Linux system are free software;\r\nthe exact distribution terms for each program are described in the\r\nindividual files in /usr/share/doc/*/copyright.\r\n\r\nDebian GNU/Linux comes with ABSOLUTELY NO WARRANTY, to the extent\r\npermitted by applicable law.\r\nLast login: Thu Sep 10 11:09:15 2015 from ::1\r\r\nute@ute-image:~$ cd /home/ute/auto/ruff_scripts/'
match: <_sre.SRE_Match object at 0x2155f38>
match_index: 0
exitstatus: None
flag_eof: False
pid: 12963
child_fd: 6
closed: False
timeout: 30
delimiter: <class 'pexpect.EOF'>
logfile: None
logfile_read: None
logfile_send: None
maxread: 2000
ignorecase: False
searchwindowsize: None
delaybeforesend: 0.05
delayafterclose: 0.1
delayafterterminate: 0.1
2015-09-10,09:09:29    ERROR:                     server.__main__ -                                                        git_action:     I don't know what's happened
2015-09-10,09:10:01     INFO:                     server.__main__ -                                                       ssh_for_git:     ssh ute@localhost
2015-09-10,09:10:04    DEBUG:                     server.__main__ -                                                        git_launch:     ssh_process = <pexpect.spawn object at 0x26d1d90>
version: 3.2
command: /usr/bin/ssh
args: ['/usr/bin/ssh', 'ute@localhost']
searcher: <pexpect.searcher_re object at 0x26db0d0>
buffer (last 100 chars): ''
before (last 100 chars): ''
after: 'Linux ute-image 3.2.0-4-amd64 #1 SMP Debian 3.2.65-1 x86_64\r\n\r\nThe programs included with the Debian GNU/Linux system are free software;\r\nthe exact distribution terms for each program are described in the\r\nindividual files in /usr/share/doc/*/copyright.\r\n\r\nDebian GNU/Linux comes with ABSOLUTELY NO WARRANTY, to the extent\r\npermitted by applicable law.\r\nLast login: Thu Sep 10 11:09:25 2015 from ::1\r\r\nute@ute-image:~$ cd /home/ute/auto/ruff_scripts/'
match: <_sre.SRE_Match object at 0x265df38>
match_index: 0
exitstatus: None
flag_eof: False
pid: 13099
child_fd: 6
closed: False
timeout: 30
delimiter: <class 'pexpect.EOF'>
logfile: None
logfile_read: None
logfile_send: None
maxread: 2000
ignorecase: False
searchwindowsize: None
delaybeforesend: 0.05
delayafterclose: 0.1
delayafterterminate: 0.1
2015-09-10,09:10:06    ERROR:                     server.__main__ -                                                        git_action:     I don't know what's happened
2015-09-10,09:11:07     INFO:                     server.__main__ -                                                       ssh_for_git:     ssh ute@localhost
2015-09-10,09:11:10    DEBUG:                     server.__main__ -                                                        git_launch:     ssh_process = <pexpect.spawn object at 0x1451d90>
version: 3.2
command: /usr/bin/ssh
args: ['/usr/bin/ssh', 'ute@localhost']
searcher: <pexpect.searcher_re object at 0x145b0d0>
buffer (last 100 chars): ''
before (last 100 chars): ''
after: 'Linux ute-image 3.2.0-4-amd64 #1 SMP Debian 3.2.65-1 x86_64\r\n\r\nThe programs included with the Debian GNU/Linux system are free software;\r\nthe exact distribution terms for each program are described in the\r\nindividual files in /usr/share/doc/*/copyright.\r\n\r\nDebian GNU/Linux comes with ABSOLUTELY NO WARRANTY, to the extent\r\npermitted by applicable law.\r\nLast login: Thu Sep 10 11:10:01 2015 from ::1\r\r\nute@ute-image:~$ cd /home/ute/auto/ruff_scripts/'
match: <_sre.SRE_Match object at 0x13ddf38>
match_index: 0
exitstatus: None
flag_eof: False
pid: 13236
child_fd: 6
closed: False
timeout: 30
delimiter: <class 'pexpect.EOF'>
logfile: None
logfile_read: None
logfile_send: None
maxread: 2000
ignorecase: False
searchwindowsize: None
delaybeforesend: 0.05
delayafterclose: 0.1
delayafterterminate: 0.1
2015-09-10,09:11:11    ERROR:                     server.__main__ -                                                        git_action:     I don't know what's happened
2015-09-10,09:11:32     INFO:                     server.__main__ -                                                       ssh_for_git:     ssh ute@localhost
2015-09-10,09:11:35    DEBUG:                     server.__main__ -                                                        git_launch:     ssh_process = <pexpect.spawn object at 0x1e08d90>
version: 3.2
command: /usr/bin/ssh
args: ['/usr/bin/ssh', 'ute@localhost']
searcher: <pexpect.searcher_re object at 0x1e120d0>
buffer (last 100 chars): ''
before (last 100 chars): ''
after: 'Linux ute-image 3.2.0-4-amd64 #1 SMP Debian 3.2.65-1 x86_64\r\n\r\nThe programs included with the Debian GNU/Linux system are free software;\r\nthe exact distribution terms for each program are described in the\r\nindividual files in /usr/share/doc/*/copyright.\r\n\r\nDebian GNU/Linux comes with ABSOLUTELY NO WARRANTY, to the extent\r\npermitted by applicable law.\r\nLast login: Thu Sep 10 11:11:07 2015 from ::1\r\r\nute@ute-image:~$ cd /home/ute/auto/ruff_scripts/'
match: <_sre.SRE_Match object at 0x1d94f38>
match_index: 0
exitstatus: None
flag_eof: False
pid: 13359
child_fd: 6
closed: False
timeout: 30
delimiter: <class 'pexpect.EOF'>
logfile: None
logfile_read: None
logfile_send: None
maxread: 2000
ignorecase: False
searchwindowsize: None
delaybeforesend: 0.05
delayafterclose: 0.1
delayafterterminate: 0.1
2015-09-10,09:11:37    ERROR:                     server.__main__ -                                                        git_action:     I don't know what's happened
2015-09-10,09:11:46     INFO:                     server.__main__ -                                                       ssh_for_git:     ssh ute@localhost
2015-09-10,09:11:49    DEBUG:                     server.__main__ -                                                        git_launch:     ssh_process = <pexpect.spawn object at 0x2636d90>
version: 3.2
command: /usr/bin/ssh
args: ['/usr/bin/ssh', 'ute@localhost']
searcher: <pexpect.searcher_re object at 0x26400d0>
buffer (last 100 chars): ''
before (last 100 chars): ''
after: 'Linux ute-image 3.2.0-4-amd64 #1 SMP Debian 3.2.65-1 x86_64\r\n\r\nThe programs included with the Debian GNU/Linux system are free software;\r\nthe exact distribution terms for each program are described in the\r\nindividual files in /usr/share/doc/*/copyright.\r\n\r\nDebian GNU/Linux comes with ABSOLUTELY NO WARRANTY, to the extent\r\npermitted by applicable law.\r\nLast login: Thu Sep 10 11:11:32 2015 from ::1\r\r\nute@ute-image:~$ cd /home/ute/auto/ruff_scripts/'
match: <_sre.SRE_Match object at 0x25c2f38>
match_index: 0
exitstatus: None
flag_eof: False
pid: 13482
child_fd: 6
closed: False
timeout: 30
delimiter: <class 'pexpect.EOF'>
logfile: None
logfile_read: None
logfile_send: None
maxread: 2000
ignorecase: False
searchwindowsize: None
delaybeforesend: 0.05
delayafterclose: 0.1
delayafterterminate: 0.1
2015-09-10,09:11:50    ERROR:                     server.__main__ -                                                        git_action:     I don't know what's happened
2015-09-10,09:12:13     INFO:                     server.__main__ -                                                       ssh_for_git:     ssh ute@localhost
2015-09-10,09:12:16    DEBUG:                     server.__main__ -                                                        git_launch:     ssh_process = <pexpect.spawn object at 0x2713d90>
version: 3.2
command: /usr/bin/ssh
args: ['/usr/bin/ssh', 'ute@localhost']
searcher: <pexpect.searcher_re object at 0x271d0d0>
buffer (last 100 chars): ''
before (last 100 chars): ''
after: 'Linux ute-image 3.2.0-4-amd64 #1 SMP Debian 3.2.65-1 x86_64\r\n\r\nThe programs included with the Debian GNU/Linux system are free software;\r\nthe exact distribution terms for each program are described in the\r\nindividual files in /usr/share/doc/*/copyright.\r\n\r\nDebian GNU/Linux comes with ABSOLUTELY NO WARRANTY, to the extent\r\npermitted by applicable law.\r\nLast login: Thu Sep 10 11:11:46 2015 from ::1\r\r\nute@ute-image:~$ cd /home/ute/auto/ruff_scripts/'
match: <_sre.SRE_Match object at 0x269ff38>
match_index: 0
exitstatus: None
flag_eof: False
pid: 13613
child_fd: 6
closed: False
timeout: 30
delimiter: <class 'pexpect.EOF'>
logfile: None
logfile_read: None
logfile_send: None
maxread: 2000
ignorecase: False
searchwindowsize: None
delaybeforesend: 0.05
delayafterclose: 0.1
delayafterterminate: 0.1
2015-09-10,09:12:18    ERROR:                     server.__main__ -                                                        git_action:     I don't know what's happened
2015-09-10,09:12:44     INFO:                     server.__main__ -                                                       ssh_for_git:     ssh ute@localhost
2015-09-10,09:12:47    DEBUG:                     server.__main__ -                                                        git_launch:     ssh_process = <pexpect.spawn object at 0x1d3cd90>
version: 3.2
command: /usr/bin/ssh
args: ['/usr/bin/ssh', 'ute@localhost']
searcher: <pexpect.searcher_re object at 0x1d460d0>
buffer (last 100 chars): ''
before (last 100 chars): ''
after: 'Linux ute-image 3.2.0-4-amd64 #1 SMP Debian 3.2.65-1 x86_64\r\n\r\nThe programs included with the Debian GNU/Linux system are free software;\r\nthe exact distribution terms for each program are described in the\r\nindividual files in /usr/share/doc/*/copyright.\r\n\r\nDebian GNU/Linux comes with ABSOLUTELY NO WARRANTY, to the extent\r\npermitted by applicable law.\r\nLast login: Thu Sep 10 11:12:13 2015 from ::1\r\r\nute@ute-image:~$ cd /home/ute/auto/ruff_scripts/'
match: <_sre.SRE_Match object at 0x1cc8f38>
match_index: 0
exitstatus: None
flag_eof: False
pid: 13743
child_fd: 6
closed: False
timeout: 30
delimiter: <class 'pexpect.EOF'>
logfile: None
logfile_read: None
logfile_send: None
maxread: 2000
ignorecase: False
searchwindowsize: None
delaybeforesend: 0.05
delayafterclose: 0.1
delayafterterminate: 0.1
2015-09-10,09:12:48    ERROR:                     server.__main__ -                                                        git_action:     I don't know what's happened
2015-09-10,09:12:52     INFO:                     server.__main__ -                                                       ssh_for_git:     ssh ute@localhost
2015-09-10,09:12:56    DEBUG:                     server.__main__ -                                                        git_launch:     ssh_process = <pexpect.spawn object at 0xb1bd90>
version: 3.2
command: /usr/bin/ssh
args: ['/usr/bin/ssh', 'ute@localhost']
searcher: <pexpect.searcher_re object at 0xb250d0>
buffer (last 100 chars): ''
before (last 100 chars): ''
after: 'Linux ute-image 3.2.0-4-amd64 #1 SMP Debian 3.2.65-1 x86_64\r\n\r\nThe programs included with the Debian GNU/Linux system are free software;\r\nthe exact distribution terms for each program are described in the\r\nindividual files in /usr/share/doc/*/copyright.\r\n\r\nDebian GNU/Linux comes with ABSOLUTELY NO WARRANTY, to the extent\r\npermitted by applicable law.\r\nLast login: Thu Sep 10 11:12:44 2015 from ::1\r\r\nute@ute-image:~$ cd /home/ute/auto/ruff_scripts/'
match: <_sre.SRE_Match object at 0xaa7f38>
match_index: 0
exitstatus: None
flag_eof: False
pid: 13858
child_fd: 6
closed: False
timeout: 30
delimiter: <class 'pexpect.EOF'>
logfile: None
logfile_read: None
logfile_send: None
maxread: 2000
ignorecase: False
searchwindowsize: None
delaybeforesend: 0.05
delayafterclose: 0.1
delayafterterminate: 0.1
2015-09-10,09:12:58    ERROR:                     server.__main__ -                                                        git_action:     I don't know what's happened
2015-09-10,09:13:05     INFO:                     server.__main__ -                                                       ssh_for_git:     ssh ute@localhost
2015-09-10,09:13:08    DEBUG:                     server.__main__ -                                                        git_launch:     ssh_process = <pexpect.spawn object at 0x1c52d90>
version: 3.2
command: /usr/bin/ssh
args: ['/usr/bin/ssh', 'ute@localhost']
searcher: <pexpect.searcher_re object at 0x1c5c0d0>
buffer (last 100 chars): ''
before (last 100 chars): ''
after: 'Linux ute-image 3.2.0-4-amd64 #1 SMP Debian 3.2.65-1 x86_64\r\n\r\nThe programs included with the Debian GNU/Linux system are free software;\r\nthe exact distribution terms for each program are described in the\r\nindividual files in /usr/share/doc/*/copyright.\r\n\r\nDebian GNU/Linux comes with ABSOLUTELY NO WARRANTY, to the extent\r\npermitted by applicable law.\r\nLast login: Thu Sep 10 11:12:53 2015 from ::1\r\r\nute@ute-image:~$ cd /home/ute/auto/ruff_scripts/'
match: <_sre.SRE_Match object at 0x1bdff38>
match_index: 0
exitstatus: None
flag_eof: False
pid: 13981
child_fd: 6
closed: False
timeout: 30
delimiter: <class 'pexpect.EOF'>
logfile: None
logfile_read: None
logfile_send: None
maxread: 2000
ignorecase: False
searchwindowsize: None
delaybeforesend: 0.05
delayafterclose: 0.1
delayafterterminate: 0.1
2015-09-10,09:13:09    ERROR:                     server.__main__ -                                                        git_action:     I don't know what's happened
2015-09-10,09:13:16     INFO:                     server.__main__ -                                                       ssh_for_git:     ssh ute@localhost
2015-09-10,09:13:19    DEBUG:                     server.__main__ -                                                        git_launch:     ssh_process = <pexpect.spawn object at 0x2689d90>
version: 3.2
command: /usr/bin/ssh
args: ['/usr/bin/ssh', 'ute@localhost']
searcher: <pexpect.searcher_re object at 0x26930d0>
buffer (last 100 chars): ''
before (last 100 chars): ''
after: 'Linux ute-image 3.2.0-4-amd64 #1 SMP Debian 3.2.65-1 x86_64\r\n\r\nThe programs included with the Debian GNU/Linux system are free software;\r\nthe exact distribution terms for each program are described in the\r\nindividual files in /usr/share/doc/*/copyright.\r\n\r\nDebian GNU/Linux comes with ABSOLUTELY NO WARRANTY, to the extent\r\npermitted by applicable law.\r\nLast login: Thu Sep 10 11:13:05 2015 from ::1\r\r\nute@ute-image:~$ cd /home/ute/auto/ruff_scripts/'
match: <_sre.SRE_Match object at 0x2616f38>
match_index: 0
exitstatus: None
flag_eof: False
pid: 14096
child_fd: 6
closed: False
timeout: 30
delimiter: <class 'pexpect.EOF'>
logfile: None
logfile_read: None
logfile_send: None
maxread: 2000
ignorecase: False
searchwindowsize: None
delaybeforesend: 0.05
delayafterclose: 0.1
delayafterterminate: 0.1
2015-09-10,09:13:20    ERROR:                     server.__main__ -                                                        git_action:     I don't know what's happened
2015-09-10,09:13:32     INFO:                     server.__main__ -                                                       ssh_for_git:     ssh ute@localhost
2015-09-10,09:13:35    DEBUG:                     server.__main__ -                                                        git_launch:     ssh_process = <pexpect.spawn object at 0x1d61d90>
version: 3.2
command: /usr/bin/ssh
args: ['/usr/bin/ssh', 'ute@localhost']
searcher: <pexpect.searcher_re object at 0x1d6b0d0>
buffer (last 100 chars): ''
before (last 100 chars): ''
after: 'Linux ute-image 3.2.0-4-amd64 #1 SMP Debian 3.2.65-1 x86_64\r\n\r\nThe programs included with the Debian GNU/Linux system are free software;\r\nthe exact distribution terms for each program are described in the\r\nindividual files in /usr/share/doc/*/copyright.\r\n\r\nDebian GNU/Linux comes with ABSOLUTELY NO WARRANTY, to the extent\r\npermitted by applicable law.\r\nLast login: Thu Sep 10 11:13:16 2015 from ::1\r\r\nute@ute-image:~$ cd /home/ute/auto/ruff_scripts/'
match: <_sre.SRE_Match object at 0x1ceef38>
match_index: 0
exitstatus: None
flag_eof: False
pid: 14220
child_fd: 6
closed: False
timeout: 30
delimiter: <class 'pexpect.EOF'>
logfile: None
logfile_read: None
logfile_send: None
maxread: 2000
ignorecase: False
searchwindowsize: None
delaybeforesend: 0.05
delayafterclose: 0.1
delayafterterminate: 0.1
2015-09-10,09:14:04     INFO:                     server.__main__ -                                                       ssh_for_git:     ssh ute@localhost
2015-09-10,09:14:07    DEBUG:                     server.__main__ -                                                        git_launch:     ssh_process = <pexpect.spawn object at 0x2832d90>
version: 3.2
command: /usr/bin/ssh
args: ['/usr/bin/ssh', 'ute@localhost']
searcher: <pexpect.searcher_re object at 0x283c0d0>
buffer (last 100 chars): ''
before (last 100 chars): ''
after: 'Linux ute-image 3.2.0-4-amd64 #1 SMP Debian 3.2.65-1 x86_64\r\n\r\nThe programs included with the Debian GNU/Linux system are free software;\r\nthe exact distribution terms for each program are described in the\r\nindividual files in /usr/share/doc/*/copyright.\r\n\r\nDebian GNU/Linux comes with ABSOLUTELY NO WARRANTY, to the extent\r\npermitted by applicable law.\r\nLast login: Thu Sep 10 11:13:32 2015 from ::1\r\r\nute@ute-image:~$ cd /home/ute/auto/ruff_scripts/'
match: <_sre.SRE_Match object at 0x27bef38>
match_index: 0
exitstatus: None
flag_eof: False
pid: 14356
child_fd: 6
closed: False
timeout: 30
delimiter: <class 'pexpect.EOF'>
logfile: None
logfile_read: None
logfile_send: None
maxread: 2000
ignorecase: False
searchwindowsize: None
delaybeforesend: 0.05
delayafterclose: 0.1
delayafterterminate: 0.1
2015-09-10,09:16:22     INFO:                     server.__main__ -                                                       ssh_for_git:     ssh ute@localhost
2015-09-10,09:16:25    DEBUG:                     server.__main__ -                                                        git_launch:     ssh_process = <pexpect.spawn object at 0x1a6dd90>
version: 3.2
command: /usr/bin/ssh
args: ['/usr/bin/ssh', 'ute@localhost']
searcher: <pexpect.searcher_re object at 0x1a770d0>
buffer (last 100 chars): ''
before (last 100 chars): ''
after: 'Linux ute-image 3.2.0-4-amd64 #1 SMP Debian 3.2.65-1 x86_64\r\n\r\nThe programs included with the Debian GNU/Linux system are free software;\r\nthe exact distribution terms for each program are described in the\r\nindividual files in /usr/share/doc/*/copyright.\r\n\r\nDebian GNU/Linux comes with ABSOLUTELY NO WARRANTY, to the extent\r\npermitted by applicable law.\r\nLast login: Thu Sep 10 11:14:04 2015 from ::1\r\r\nute@ute-image:~$ cd /home/ute/auto/ruff_scripts/'
match: <_sre.SRE_Match object at 0x19f9f38>
match_index: 0
exitstatus: None
flag_eof: False
pid: 14556
child_fd: 6
closed: False
timeout: 30
delimiter: <class 'pexpect.EOF'>
logfile: None
logfile_read: None
logfile_send: None
maxread: 2000
ignorecase: False
searchwindowsize: None
delaybeforesend: 0.05
delayafterclose: 0.1
delayafterterminate: 0.1
2015-09-10,09:16:40     INFO:                     server.__main__ -                                                       ssh_for_git:     ssh ute@localhost
2015-09-10,09:16:43    DEBUG:                     server.__main__ -                                                        git_launch:     ssh_process = <pexpect.spawn object at 0x1333d90>
version: 3.2
command: /usr/bin/ssh
args: ['/usr/bin/ssh', 'ute@localhost']
searcher: <pexpect.searcher_re object at 0x133d0d0>
buffer (last 100 chars): ''
before (last 100 chars): ''
after: 'Linux ute-image 3.2.0-4-amd64 #1 SMP Debian 3.2.65-1 x86_64\r\n\r\nThe programs included with the Debian GNU/Linux system are free software;\r\nthe exact distribution terms for each program are described in the\r\nindividual files in /usr/share/doc/*/copyright.\r\n\r\nDebian GNU/Linux comes with ABSOLUTELY NO WARRANTY, to the extent\r\npermitted by applicable law.\r\nLast login: Thu Sep 10 11:16:22 2015 from ::1\r\r\nute@ute-image:~$ cd /home/ute/auto/ruff_scripts/'
match: <_sre.SRE_Match object at 0x12bff38>
match_index: 0
exitstatus: None
flag_eof: False
pid: 14679
child_fd: 6
closed: False
timeout: 30
delimiter: <class 'pexpect.EOF'>
logfile: None
logfile_read: None
logfile_send: None
maxread: 2000
ignorecase: False
searchwindowsize: None
delaybeforesend: 0.05
delayafterclose: 0.1
delayafterterminate: 0.1
2015-09-10,09:17:12     INFO:                     server.__main__ -                                                       ssh_for_git:     ssh ute@localhost
2015-09-10,09:17:15    DEBUG:                     server.__main__ -                                                        git_launch:     ssh_process = <pexpect.spawn object at 0x2265d90>
version: 3.2
command: /usr/bin/ssh
args: ['/usr/bin/ssh', 'ute@localhost']
searcher: <pexpect.searcher_re object at 0x226f0d0>
buffer (last 100 chars): ''
before (last 100 chars): ''
after: 'Linux ute-image 3.2.0-4-amd64 #1 SMP Debian 3.2.65-1 x86_64\r\n\r\nThe programs included with the Debian GNU/Linux system are free software;\r\nthe exact distribution terms for each program are described in the\r\nindividual files in /usr/share/doc/*/copyright.\r\n\r\nDebian GNU/Linux comes with ABSOLUTELY NO WARRANTY, to the extent\r\npermitted by applicable law.\r\nLast login: Thu Sep 10 11:16:40 2015 from ::1\r\r\nute@ute-image:~$ cd /home/ute/auto/ruff_scripts/'
match: <_sre.SRE_Match object at 0x21f1f38>
match_index: 0
exitstatus: None
flag_eof: False
pid: 14822
child_fd: 6
closed: False
timeout: 30
delimiter: <class 'pexpect.EOF'>
logfile: None
logfile_read: None
logfile_send: None
maxread: 2000
ignorecase: False
searchwindowsize: None
delaybeforesend: 0.05
delayafterclose: 0.1
delayafterterminate: 0.1
2015-09-10,09:20:33     INFO:                     server.__main__ -                                                       ssh_for_git:     ssh ute@localhost
2015-09-10,09:20:36    DEBUG:                     server.__main__ -                                                        git_launch:     ssh_process = <pexpect.spawn object at 0x2816d90>
version: 3.2
command: /usr/bin/ssh
args: ['/usr/bin/ssh', 'ute@localhost']
searcher: <pexpect.searcher_re object at 0x28200d0>
buffer (last 100 chars): ''
before (last 100 chars): ''
after: 'Linux ute-image 3.2.0-4-amd64 #1 SMP Debian 3.2.65-1 x86_64\r\n\r\nThe programs included with the Debian GNU/Linux system are free software;\r\nthe exact distribution terms for each program are described in the\r\nindividual files in /usr/share/doc/*/copyright.\r\n\r\nDebian GNU/Linux comes with ABSOLUTELY NO WARRANTY, to the extent\r\npermitted by applicable law.\r\nLast login: Thu Sep 10 11:17:12 2015 from ::1\r\r\nute@ute-image:~$ cd /home/ute/auto/ruff_scripts/'
match: <_sre.SRE_Match object at 0x27a2f38>
match_index: 0
exitstatus: None
flag_eof: False
pid: 15012
child_fd: 6
closed: False
timeout: 30
delimiter: <class 'pexpect.EOF'>
logfile: None
logfile_read: None
logfile_send: None
maxread: 2000
ignorecase: False
searchwindowsize: None
delaybeforesend: 0.05
delayafterclose: 0.1
delayafterterminate: 0.1
2015-09-10,09:20:47     INFO:                     server.__main__ -                                                       ssh_for_git:     ssh ute@localhost
2015-09-10,09:20:50    DEBUG:                     server.__main__ -                                                        git_launch:     ssh_process = <pexpect.spawn object at 0x163dd90>
version: 3.2
command: /usr/bin/ssh
args: ['/usr/bin/ssh', 'ute@localhost']
searcher: <pexpect.searcher_re object at 0x16470d0>
buffer (last 100 chars): ''
before (last 100 chars): ''
after: 'Linux ute-image 3.2.0-4-amd64 #1 SMP Debian 3.2.65-1 x86_64\r\n\r\nThe programs included with the Debian GNU/Linux system are free software;\r\nthe exact distribution terms for each program are described in the\r\nindividual files in /usr/share/doc/*/copyright.\r\n\r\nDebian GNU/Linux comes with ABSOLUTELY NO WARRANTY, to the extent\r\npermitted by applicable law.\r\nLast login: Thu Sep 10 11:20:33 2015 from ::1\r\r\nute@ute-image:~$ cd /home/ute/auto/ruff_scripts/'
match: <_sre.SRE_Match object at 0x15c9f38>
match_index: 0
exitstatus: None
flag_eof: False
pid: 15145
child_fd: 6
closed: False
timeout: 30
delimiter: <class 'pexpect.EOF'>
logfile: None
logfile_read: None
logfile_send: None
maxread: 2000
ignorecase: False
searchwindowsize: None
delaybeforesend: 0.05
delayafterclose: 0.1
delayafterterminate: 0.1
2015-09-10,09:21:09     INFO:                     server.__main__ -                                                       ssh_for_git:     ssh ute@localhost
2015-09-10,09:21:10    DEBUG:                     server.__main__ -                                                        git_launch:     ssh_process = <pexpect.spawn object at 0x292ed90>
version: 3.2
command: /usr/bin/ssh
args: ['/usr/bin/ssh', 'ute@localhost']
searcher: <pexpect.searcher_re object at 0x29380d0>
buffer (last 100 chars): ''
before (last 100 chars): ''
after: 'Linux ute-image 3.2.0-4-amd64 #1 SMP Debian 3.2.65-1 x86_64\r\n\r\nThe programs included with the Debian GNU/Linux system are free software;\r\nthe exact distribution terms for each program are described in the\r\nindividual files in /usr/share/doc/*/copyright.\r\n\r\nDebian GNU/Linux comes with ABSOLUTELY NO WARRANTY, to the extent\r\npermitted by applicable law.\r\nLast login: Thu Sep 10 11:20:47 2015 from ::1\r\r\nute@ute-image:~$ cd /home/ute/auto/ruff_scripts/'
match: <_sre.SRE_Match object at 0x28baf38>
match_index: 0
exitstatus: None
flag_eof: False
pid: 15272
child_fd: 6
closed: False
timeout: 30
delimiter: <class 'pexpect.EOF'>
logfile: None
logfile_read: None
logfile_send: None
maxread: 2000
ignorecase: False
searchwindowsize: None
delaybeforesend: 0.05
delayafterclose: 0.1
delayafterterminate: 0.1
2015-09-10,09:21:39     INFO:                     server.__main__ -                                                       ssh_for_git:     ssh ute@localhost
2015-09-10,09:21:40    DEBUG:                     server.__main__ -                                                        git_launch:     ssh_process = <pexpect.spawn object at 0x10dcd90>
version: 3.2
command: /usr/bin/ssh
args: ['/usr/bin/ssh', 'ute@localhost']
searcher: <pexpect.searcher_re object at 0x10e60d0>
buffer (last 100 chars): ''
before (last 100 chars): ''
after: 'Linux ute-image 3.2.0-4-amd64 #1 SMP Debian 3.2.65-1 x86_64\r\n\r\nThe programs included with the Debian GNU/Linux system are free software;\r\nthe exact distribution terms for each program are described in the\r\nindividual files in /usr/share/doc/*/copyright.\r\n\r\nDebian GNU/Linux comes with ABSOLUTELY NO WARRANTY, to the extent\r\npermitted by applicable law.\r\nLast login: Thu Sep 10 11:21:09 2015 from ::1\r\r\nute@ute-image:~$ cd /home/ute/auto/ruff_scripts/'
match: <_sre.SRE_Match object at 0x1069f38>
match_index: 0
exitstatus: None
flag_eof: False
pid: 15425
child_fd: 6
closed: False
timeout: 30
delimiter: <class 'pexpect.EOF'>
logfile: None
logfile_read: None
logfile_send: None
maxread: 2000
ignorecase: False
searchwindowsize: None
delaybeforesend: 0.05
delayafterclose: 0.1
delayafterterminate: 0.1
2015-09-10,09:40:21     INFO:                     server.__main__ -                                                       ssh_for_git:     ssh ute@localhost
2015-09-10,09:40:22    DEBUG:                     server.__main__ -                                                        git_launch:     ssh_process = <pexpect.spawn object at 0x29a8d90>
version: 3.2
command: /usr/bin/ssh
args: ['/usr/bin/ssh', 'ute@localhost']
searcher: <pexpect.searcher_re object at 0x29b20d0>
buffer (last 100 chars): ''
before (last 100 chars): ''
after: 'Linux ute-image 3.2.0-4-amd64 #1 SMP Debian 3.2.65-1 x86_64\r\n\r\nThe programs included with the Debian GNU/Linux system are free software;\r\nthe exact distribution terms for each program are described in the\r\nindividual files in /usr/share/doc/*/copyright.\r\n\r\nDebian GNU/Linux comes with ABSOLUTELY NO WARRANTY, to the extent\r\npermitted by applicable law.\r\nLast login: Thu Sep 10 11:21:39 2015 from ::1\r\r\nute@ute-image:~$ cd /home/ute/auto/ruff_scripts/testsuite/WMP/CPLN/LTEtest'
match: <_sre.SRE_Match object at 0x2935f38>
match_index: 0
exitstatus: None
flag_eof: False
pid: 16196
child_fd: 6
closed: False
timeout: 30
delimiter: <class 'pexpect.EOF'>
logfile: None
logfile_read: None
logfile_send: None
maxread: 2000
ignorecase: False
searchwindowsize: None
delaybeforesend: 0.05
delayafterclose: 0.1
delayafterterminate: 0.1
2015-09-10,09:40:41     INFO:                     server.__main__ -                                                       ssh_for_git:     ssh ute@localhost
2015-09-10,09:40:43    DEBUG:                     server.__main__ -                                                        git_launch:     ssh_process = <pexpect.spawn object at 0x1a1cd90>
version: 3.2
command: /usr/bin/ssh
args: ['/usr/bin/ssh', 'ute@localhost']
searcher: <pexpect.searcher_re object at 0x1a260d0>
buffer (last 100 chars): ''
before (last 100 chars): ''
after: 'Linux ute-image 3.2.0-4-amd64 #1 SMP Debian 3.2.65-1 x86_64\r\n\r\nThe programs included with the Debian GNU/Linux system are free software;\r\nthe exact distribution terms for each program are described in the\r\nindividual files in /usr/share/doc/*/copyright.\r\n\r\nDebian GNU/Linux comes with ABSOLUTELY NO WARRANTY, to the extent\r\npermitted by applicable law.\r\nLast login: Thu Sep 10 11:40:21 2015 from ::1\r\r\nute@ute-image:~$ cd /home/ute/auto/ruff_scripts/testsuite/WMP/CPLN/LTEtest'
match: <_sre.SRE_Match object at 0x19a9f38>
match_index: 0
exitstatus: None
flag_eof: False
pid: 16324
child_fd: 6
closed: False
timeout: 30
delimiter: <class 'pexpect.EOF'>
logfile: None
logfile_read: None
logfile_send: None
maxread: 2000
ignorecase: False
searchwindowsize: None
delaybeforesend: 0.05
delayafterclose: 0.1
delayafterterminate: 0.1
2015-09-10,09:40:54     INFO:                     server.__main__ -                                                       ssh_for_git:     ssh ute@localhost
2015-09-10,09:40:55    DEBUG:                     server.__main__ -                                                        git_launch:     ssh_process = <pexpect.spawn object at 0x25d4d90>
version: 3.2
command: /usr/bin/ssh
args: ['/usr/bin/ssh', 'ute@localhost']
searcher: <pexpect.searcher_re object at 0x25de0d0>
buffer (last 100 chars): ''
before (last 100 chars): ''
after: 'Linux ute-image 3.2.0-4-amd64 #1 SMP Debian 3.2.65-1 x86_64\r\n\r\nThe programs included with the Debian GNU/Linux system are free software;\r\nthe exact distribution terms for each program are described in the\r\nindividual files in /usr/share/doc/*/copyright.\r\n\r\nDebian GNU/Linux comes with ABSOLUTELY NO WARRANTY, to the extent\r\npermitted by applicable law.\r\nLast login: Thu Sep 10 11:40:42 2015 from ::1\r\r\nute@ute-image:~$ cd /home/ute/auto/ruff_scripts/testsuite/WMP/CPLN/LTEtest'
match: <_sre.SRE_Match object at 0x2561f38>
match_index: 0
exitstatus: None
flag_eof: False
pid: 16461
child_fd: 6
closed: False
timeout: 30
delimiter: <class 'pexpect.EOF'>
logfile: None
logfile_read: None
logfile_send: None
maxread: 2000
ignorecase: False
searchwindowsize: None
delaybeforesend: 0.05
delayafterclose: 0.1
delayafterterminate: 0.1
2015-09-10,09:40:58     INFO:                     server.__main__ -                                                       ssh_for_git:     ssh ute@localhost
2015-09-10,09:40:59    DEBUG:                     server.__main__ -                                                        git_launch:     ssh_process = <pexpect.spawn object at 0xb8bd90>
version: 3.2
command: /usr/bin/ssh
args: ['/usr/bin/ssh', 'ute@localhost']
searcher: <pexpect.searcher_re object at 0xb950d0>
buffer (last 100 chars): ''
before (last 100 chars): ''
after: 'Linux ute-image 3.2.0-4-amd64 #1 SMP Debian 3.2.65-1 x86_64\r\n\r\nThe programs included with the Debian GNU/Linux system are free software;\r\nthe exact distribution terms for each program are described in the\r\nindividual files in /usr/share/doc/*/copyright.\r\n\r\nDebian GNU/Linux comes with ABSOLUTELY NO WARRANTY, to the extent\r\npermitted by applicable law.\r\nLast login: Thu Sep 10 11:40:54 2015 from ::1\r\r\nute@ute-image:~$ cd /home/ute/auto/ruff_scripts/testsuite/WMP/CPLN/LTEtest'
match: <_sre.SRE_Match object at 0xb18f38>
match_index: 0
exitstatus: None
flag_eof: False
pid: 16581
child_fd: 6
closed: False
timeout: 30
delimiter: <class 'pexpect.EOF'>
logfile: None
logfile_read: None
logfile_send: None
maxread: 2000
ignorecase: False
searchwindowsize: None
delaybeforesend: 0.05
delayafterclose: 0.1
delayafterterminate: 0.1
2015-09-10,09:41:24     INFO:                     server.__main__ -                                                       ssh_for_git:     ssh ute@localhost
2015-09-10,09:41:25    DEBUG:                     server.__main__ -                                                        git_launch:     ssh_process = <pexpect.spawn object at 0x2432d90>
version: 3.2
command: /usr/bin/ssh
args: ['/usr/bin/ssh', 'ute@localhost']
searcher: <pexpect.searcher_re object at 0x243c0d0>
buffer (last 100 chars): ''
before (last 100 chars): ''
after: 'Linux ute-image 3.2.0-4-amd64 #1 SMP Debian 3.2.65-1 x86_64\r\n\r\nThe programs included with the Debian GNU/Linux system are free software;\r\nthe exact distribution terms for each program are described in the\r\nindividual files in /usr/share/doc/*/copyright.\r\n\r\nDebian GNU/Linux comes with ABSOLUTELY NO WARRANTY, to the extent\r\npermitted by applicable law.\r\nLast login: Thu Sep 10 11:40:58 2015 from ::1\r\r\nute@ute-image:~$ cd /home/ute/auto/ruff_scripts/testsuite/WMP/CPLN/LTEtest'
match: <_sre.SRE_Match object at 0x23bef38>
match_index: 0
exitstatus: None
flag_eof: False
pid: 16712
child_fd: 6
closed: False
timeout: 30
delimiter: <class 'pexpect.EOF'>
logfile: None
logfile_read: None
logfile_send: None
maxread: 2000
ignorecase: False
searchwindowsize: None
delaybeforesend: 0.05
delayafterclose: 0.1
delayafterterminate: 0.1
2015-09-10,09:43:09     INFO:                     server.__main__ -                                                       ssh_for_git:     ssh ute@localhost
2015-09-10,09:43:11    DEBUG:                     server.__main__ -                                                        git_launch:     ssh_process = <pexpect.spawn object at 0x1a6fd90>
version: 3.2
command: /usr/bin/ssh
args: ['/usr/bin/ssh', 'ute@localhost']
searcher: <pexpect.searcher_re object at 0x1a780d0>
buffer (last 100 chars): ''
before (last 100 chars): ''
after: 'Linux ute-image 3.2.0-4-amd64 #1 SMP Debian 3.2.65-1 x86_64\r\n\r\nThe programs included with the Debian GNU/Linux system are free software;\r\nthe exact distribution terms for each program are described in the\r\nindividual files in /usr/share/doc/*/copyright.\r\n\r\nDebian GNU/Linux comes with ABSOLUTELY NO WARRANTY, to the extent\r\npermitted by applicable law.\r\nLast login: Thu Sep 10 11:41:24 2015 from ::1\r\r\nute@ute-image:~$ cd /home/ute/auto/ruff_scripts/testsuite/WMP/CPLN/LTEtest'
match: <_sre.SRE_Match object at 0x19fbf38>
match_index: 0
exitstatus: None
flag_eof: False
pid: 16907
child_fd: 6
closed: False
timeout: 30
delimiter: <class 'pexpect.EOF'>
logfile: None
logfile_read: None
logfile_send: None
maxread: 2000
ignorecase: False
searchwindowsize: None
delaybeforesend: 0.05
delayafterclose: 0.1
delayafterterminate: 0.1
2015-09-10,09:44:19     INFO:                     server.__main__ -                                                       ssh_for_git:     ssh ute@localhost
2015-09-10,09:44:20    DEBUG:                     server.__main__ -                                                        git_launch:     ssh_process = <pexpect.spawn object at 0xe10d90>
version: 3.2
command: /usr/bin/ssh
args: ['/usr/bin/ssh', 'ute@localhost']
searcher: <pexpect.searcher_re object at 0xe190d0>
buffer (last 100 chars): ''
before (last 100 chars): ''
after: 'Linux ute-image 3.2.0-4-amd64 #1 SMP Debian 3.2.65-1 x86_64\r\n\r\nThe programs included with the Debian GNU/Linux system are free software;\r\nthe exact distribution terms for each program are described in the\r\nindividual files in /usr/share/doc/*/copyright.\r\n\r\nDebian GNU/Linux comes with ABSOLUTELY NO WARRANTY, to the extent\r\npermitted by applicable law.\r\nLast login: Thu Sep 10 11:43:10 2015 from ::1\r\r\nute@ute-image:~$ cd /home/ute/auto/ruff_scripts/testsuite/WMP/CPLN/LTEtest'
match: <_sre.SRE_Match object at 0xe02030>
match_index: 0
exitstatus: None
flag_eof: False
pid: 17107
child_fd: 6
closed: False
timeout: 30
delimiter: <class 'pexpect.EOF'>
logfile: None
logfile_read: None
logfile_send: None
maxread: 2000
ignorecase: False
searchwindowsize: None
delaybeforesend: 0.05
delayafterclose: 0.1
delayafterterminate: 0.1
2015-09-10,09:47:35     INFO:                     server.__main__ -                                                       ssh_for_git:     ssh ute@localhost
2015-09-10,09:47:36    DEBUG:                     server.__main__ -                                                        git_launch:     ssh_process = <pexpect.spawn object at 0xee9d90>
version: 3.2
command: /usr/bin/ssh
args: ['/usr/bin/ssh', 'ute@localhost']
searcher: <pexpect.searcher_re object at 0xef20d0>
buffer (last 100 chars): ''
before (last 100 chars): ''
after: 'Linux ute-image 3.2.0-4-amd64 #1 SMP Debian 3.2.65-1 x86_64\r\n\r\nThe programs included with the Debian GNU/Linux system are free software;\r\nthe exact distribution terms for each program are described in the\r\nindividual files in /usr/share/doc/*/copyright.\r\n\r\nDebian GNU/Linux comes with ABSOLUTELY NO WARRANTY, to the extent\r\npermitted by applicable law.\r\nLast login: Thu Sep 10 11:44:19 2015 from ::1\r\r\nute@ute-image:~$ cd /home/ute/auto/ruff_scripts/testsuite/WMP/CPLN/LTEtest\r\nute@ute-image:~/auto/ruff_scripts/testsuite/WMP/CPLN/LTEtest$ '
match: <_sre.SRE_Match object at 0xe75f38>
match_index: 0
exitstatus: None
flag_eof: False
pid: 17306
child_fd: 6
closed: False
timeout: 30
delimiter: <class 'pexpect.EOF'>
logfile: None
logfile_read: None
logfile_send: None
maxread: 2000
ignorecase: False
searchwindowsize: None
delaybeforesend: 0.05
delayafterclose: 0.1
delayafterterminate: 0.1
2015-09-10,09:47:46     INFO:                     server.__main__ -                                                       ssh_for_git:     ssh ute@localhost
2015-09-10,09:47:47    DEBUG:                     server.__main__ -                                                        git_launch:     ssh_process = <pexpect.spawn object at 0x1d2bd90>
version: 3.2
command: /usr/bin/ssh
args: ['/usr/bin/ssh', 'ute@localhost']
searcher: <pexpect.searcher_re object at 0x1d340d0>
buffer (last 100 chars): ''
before (last 100 chars): ''
after: 'Linux ute-image 3.2.0-4-amd64 #1 SMP Debian 3.2.65-1 x86_64\r\n\r\nThe programs included with the Debian GNU/Linux system are free software;\r\nthe exact distribution terms for each program are described in the\r\nindividual files in /usr/share/doc/*/copyright.\r\n\r\nDebian GNU/Linux comes with ABSOLUTELY NO WARRANTY, to the extent\r\npermitted by applicable law.\r\nLast login: Thu Sep 10 11:47:35 2015 from ::1\r\r\nute@ute-image:~$ cd /home/ute/auto/ruff_scripts/testsuite/WMP/CPLN/LTEtest'
match: <_sre.SRE_Match object at 0x1cb7f38>
match_index: 0
exitstatus: None
flag_eof: False
pid: 17436
child_fd: 6
closed: False
timeout: 30
delimiter: <class 'pexpect.EOF'>
logfile: None
logfile_read: None
logfile_send: None
maxread: 2000
ignorecase: False
searchwindowsize: None
delaybeforesend: 0.05
delayafterclose: 0.1
delayafterterminate: 0.1
2015-09-10,09:48:02     INFO:                     server.__main__ -                                                       ssh_for_git:     ssh ute@localhost
2015-09-10,09:48:03    DEBUG:                     server.__main__ -                                                        git_launch:     ssh_process = <pexpect.spawn object at 0x2666d90>
version: 3.2
command: /usr/bin/ssh
args: ['/usr/bin/ssh', 'ute@localhost']
searcher: <pexpect.searcher_re object at 0x266f0d0>
buffer (last 100 chars): ''
before (last 100 chars): ''
after: 'Linux ute-image 3.2.0-4-amd64 #1 SMP Debian 3.2.65-1 x86_64\r\n\r\nThe programs included with the Debian GNU/Linux system are free software;\r\nthe exact distribution terms for each program are described in the\r\nindividual files in /usr/share/doc/*/copyright.\r\n\r\nDebian GNU/Linux comes with ABSOLUTELY NO WARRANTY, to the extent\r\npermitted by applicable law.\r\nLast login: Thu Sep 10 11:47:46 2015 from ::1\r\r\nute@ute-image:~$ cd /home/ute/auto/ruff_scripts/testsuite/WMP/CPLN/LTEtest'
match: <_sre.SRE_Match object at 0x25f2f38>
match_index: 0
exitstatus: None
flag_eof: False
pid: 17568
child_fd: 6
closed: False
timeout: 30
delimiter: <class 'pexpect.EOF'>
logfile: None
logfile_read: None
logfile_send: None
maxread: 2000
ignorecase: False
searchwindowsize: None
delaybeforesend: 0.05
delayafterclose: 0.1
delayafterterminate: 0.1
2015-09-10,09:49:18     INFO:                     server.__main__ -                                                       ssh_for_git:     ssh ute@localhost
2015-09-10,09:49:19    DEBUG:                     server.__main__ -                                                        git_launch:     ssh_process = <pexpect.spawn object at 0xe65d90>
version: 3.2
command: /usr/bin/ssh
args: ['/usr/bin/ssh', 'ute@localhost']
searcher: <pexpect.searcher_re object at 0xe6e0d0>
buffer (last 100 chars): ''
before (last 100 chars): ''
after: 'Linux ute-image 3.2.0-4-amd64 #1 SMP Debian 3.2.65-1 x86_64\r\n\r\nThe programs included with the Debian GNU/Linux system are free software;\r\nthe exact distribution terms for each program are described in the\r\nindividual files in /usr/share/doc/*/copyright.\r\n\r\nDebian GNU/Linux comes with ABSOLUTELY NO WARRANTY, to the extent\r\npermitted by applicable law.\r\nLast login: Thu Sep 10 11:48:02 2015 from ::1\r\r\nute@ute-image:~$ cd /home/ute/auto/ruff_scripts/testsuite/WMP/CPLN/LTEtest'
match: <_sre.SRE_Match object at 0xdf2f38>
match_index: 0
exitstatus: None
flag_eof: False
pid: 17739
child_fd: 6
closed: False
timeout: 30
delimiter: <class 'pexpect.EOF'>
logfile: None
logfile_read: None
logfile_send: None
maxread: 2000
ignorecase: False
searchwindowsize: None
delaybeforesend: 0.05
delayafterclose: 0.1
delayafterterminate: 0.1
2015-09-10,09:49:54     INFO:                     server.__main__ -                                                       ssh_for_git:     ssh ute@localhost
2015-09-10,09:49:55    DEBUG:                     server.__main__ -                                                        git_launch:     ssh_process = <pexpect.spawn object at 0x27f3d90>
version: 3.2
command: /usr/bin/ssh
args: ['/usr/bin/ssh', 'ute@localhost']
searcher: <pexpect.searcher_re object at 0x27fc0d0>
buffer (last 100 chars): ''
before (last 100 chars): ''
after: 'Linux ute-image 3.2.0-4-amd64 #1 SMP Debian 3.2.65-1 x86_64\r\n\r\nThe programs included with the Debian GNU/Linux system are free software;\r\nthe exact distribution terms for each program are described in the\r\nindividual files in /usr/share/doc/*/copyright.\r\n\r\nDebian GNU/Linux comes with ABSOLUTELY NO WARRANTY, to the extent\r\npermitted by applicable law.\r\nLast login: Thu Sep 10 11:49:18 2015 from ::1\r\r\nute@ute-image:~$ cd /home/ute/auto/ruff_scripts/testsuite/WMP/CPLN/LTEtest'
match: <_sre.SRE_Match object at 0x2781f38>
match_index: 0
exitstatus: None
flag_eof: False
pid: 17875
child_fd: 6
closed: False
timeout: 30
delimiter: <class 'pexpect.EOF'>
logfile: None
logfile_read: None
logfile_send: None
maxread: 2000
ignorecase: False
searchwindowsize: None
delaybeforesend: 0.05
delayafterclose: 0.1
delayafterterminate: 0.1
2015-09-10,09:50:01     INFO:                     server.__main__ -                                                       ssh_for_git:     ssh ute@localhost
2015-09-10,09:50:02    DEBUG:                     server.__main__ -                                                        git_launch:     ssh_process = <pexpect.spawn object at 0x1c4dd90>
version: 3.2
command: /usr/bin/ssh
args: ['/usr/bin/ssh', 'ute@localhost']
searcher: <pexpect.searcher_re object at 0x1c560d0>
buffer (last 100 chars): ''
before (last 100 chars): ''
after: 'Linux ute-image 3.2.0-4-amd64 #1 SMP Debian 3.2.65-1 x86_64\r\n\r\nThe programs included with the Debian GNU/Linux system are free software;\r\nthe exact distribution terms for each program are described in the\r\nindividual files in /usr/share/doc/*/copyright.\r\n\r\nDebian GNU/Linux comes with ABSOLUTELY NO WARRANTY, to the extent\r\npermitted by applicable law.\r\nLast login: Thu Sep 10 11:49:54 2015 from ::1\r\r\nute@ute-image:~$ cd /home/ute/auto/ruff_scripts/testsuite/WMP/CPLN/LTEtest'
match: <_sre.SRE_Match object at 0x1bdbf38>
match_index: 0
exitstatus: None
flag_eof: False
pid: 17993
child_fd: 6
closed: False
timeout: 30
delimiter: <class 'pexpect.EOF'>
logfile: None
logfile_read: None
logfile_send: None
maxread: 2000
ignorecase: False
searchwindowsize: None
delaybeforesend: 0.05
delayafterclose: 0.1
delayafterterminate: 0.1
2015-09-10,09:50:22     INFO:                     server.__main__ -                                                       ssh_for_git:     ssh ute@localhost
2015-09-10,09:50:23    DEBUG:                     server.__main__ -                                                        git_launch:     ssh_process = <pexpect.spawn object at 0xe63d90>
version: 3.2
command: /usr/bin/ssh
args: ['/usr/bin/ssh', 'ute@localhost']
searcher: <pexpect.searcher_re object at 0xe6c0d0>
buffer (last 100 chars): ''
before (last 100 chars): ''
after: 'Linux ute-image 3.2.0-4-amd64 #1 SMP Debian 3.2.65-1 x86_64\r\n\r\nThe programs included with the Debian GNU/Linux system are free software;\r\nthe exact distribution terms for each program are described in the\r\nindividual files in /usr/share/doc/*/copyright.\r\n\r\nDebian GNU/Linux comes with ABSOLUTELY NO WARRANTY, to the extent\r\npermitted by applicable law.\r\nLast login: Thu Sep 10 11:50:01 2015 from ::1\r\r\nute@ute-image:~$ cd /home/ute/auto/ruff_scripts/testsuite/WMP/CPLN/LTEtest'
match: <_sre.SRE_Match object at 0xdf0ed0>
match_index: 0
exitstatus: None
flag_eof: False
pid: 18124
child_fd: 6
closed: False
timeout: 30
delimiter: <class 'pexpect.EOF'>
logfile: None
logfile_read: None
logfile_send: None
maxread: 2000
ignorecase: False
searchwindowsize: None
delaybeforesend: 0.05
delayafterclose: 0.1
delayafterterminate: 0.1
2015-09-10,09:51:13     INFO:                     server.__main__ -                                                       ssh_for_git:     ssh ute@localhost
2015-09-10,09:51:14    DEBUG:                     server.__main__ -                                                        git_launch:     ssh_process = <pexpect.spawn object at 0x22afd90>
version: 3.2
command: /usr/bin/ssh
args: ['/usr/bin/ssh', 'ute@localhost']
searcher: <pexpect.searcher_re object at 0x22b80d0>
buffer (last 100 chars): ''
before (last 100 chars): ''
after: 'Linux ute-image 3.2.0-4-amd64 #1 SMP Debian 3.2.65-1 x86_64\r\n\r\nThe programs included with the Debian GNU/Linux system are free software;\r\nthe exact distribution terms for each program are described in the\r\nindividual files in /usr/share/doc/*/copyright.\r\n\r\nDebian GNU/Linux comes with ABSOLUTELY NO WARRANTY, to the extent\r\npermitted by applicable law.\r\nLast login: Thu Sep 10 11:50:22 2015 from ::1\r\r\nute@ute-image:~$ cd /home/ute/auto/ruff_scripts/testsuite/WMP/CPLN/LTEtest'
match: <_sre.SRE_Match object at 0x223ced0>
match_index: 0
exitstatus: None
flag_eof: False
pid: 18278
child_fd: 6
closed: False
timeout: 30
delimiter: <class 'pexpect.EOF'>
logfile: None
logfile_read: None
logfile_send: None
maxread: 2000
ignorecase: False
searchwindowsize: None
delaybeforesend: 0.05
delayafterclose: 0.1
delayafterterminate: 0.1
2015-09-10,09:51:17    ERROR:                     server.__main__ -                                                        git_action:     Unknown failure
2015-09-10,11:05:06     INFO:                     server.__main__ -                                                       ssh_for_git:     ssh ute@localhost
2015-09-10,11:05:07    DEBUG:                     server.__main__ -                                                        git_launch:     ssh_process = <pexpect.spawn object at 0xb03d90>
version: 3.2
command: /usr/bin/ssh
args: ['/usr/bin/ssh', 'ute@localhost']
searcher: <pexpect.searcher_re object at 0xb0d0d0>
buffer (last 100 chars): ''
before (last 100 chars): ''
after: 'Linux ute-image 3.2.0-4-amd64 #1 SMP Debian 3.2.65-1 x86_64\r\n\r\nThe programs included with the Debian GNU/Linux system are free software;\r\nthe exact distribution terms for each program are described in the\r\nindividual files in /usr/share/doc/*/copyright.\r\n\r\nDebian GNU/Linux comes with ABSOLUTELY NO WARRANTY, to the extent\r\npermitted by applicable law.\r\nLast login: Thu Sep 10 11:51:13 2015 from ::1\r\r\nute@ute-image:~$ cd /home/ute/PycharmProjects/projekty/Internship-15\r\nute@ute-image:~/PycharmProjects/projekty/Internship-15$ '
match: <_sre.SRE_Match object at 0xa90ed0>
match_index: 0
exitstatus: None
flag_eof: False
pid: 19917
child_fd: 6
closed: False
timeout: 30
delimiter: <class 'pexpect.EOF'>
logfile: None
logfile_read: None
logfile_send: None
maxread: 2000
ignorecase: False
searchwindowsize: None
delaybeforesend: 0.05
delayafterclose: 0.1
delayafterterminate: 0.1
2015-09-10,11:05:08    ERROR:                     server.__main__ -                                                        git_action:     Unknown failure
2015-09-10,11:05:51     INFO:                     server.__main__ -                                                       ssh_for_git:     ssh ute@localhost
2015-09-10,11:05:52    DEBUG:                     server.__main__ -                                                        git_launch:     ssh_process = <pexpect.spawn object at 0x287dd90>
version: 3.2
command: /usr/bin/ssh
args: ['/usr/bin/ssh', 'ute@localhost']
searcher: <pexpect.searcher_re object at 0x28870d0>
buffer (last 100 chars): ''
before (last 100 chars): ''
after: 'Linux ute-image 3.2.0-4-amd64 #1 SMP Debian 3.2.65-1 x86_64\r\n\r\nThe programs included with the Debian GNU/Linux system are free software;\r\nthe exact distribution terms for each program are described in the\r\nindividual files in /usr/share/doc/*/copyright.\r\n\r\nDebian GNU/Linux comes with ABSOLUTELY NO WARRANTY, to the extent\r\npermitted by applicable law.\r\nLast login: Thu Sep 10 13:05:07 2015 from ::1\r\r\nute@ute-image:~$ cd /home/ute/PycharmProjects/projekty/Internship-15'
match: <_sre.SRE_Match object at 0x2809ed0>
match_index: 0
exitstatus: None
flag_eof: False
pid: 20062
child_fd: 6
closed: False
timeout: 30
delimiter: <class 'pexpect.EOF'>
logfile: None
logfile_read: None
logfile_send: None
maxread: 2000
ignorecase: False
searchwindowsize: None
delaybeforesend: 0.05
delayafterclose: 0.1
delayafterterminate: 0.1
2015-09-10,11:05:53    ERROR:                     server.__main__ -                                                        git_action:     Unknown failure
2015-09-10,11:06:31     INFO:                     server.__main__ -                                                       ssh_for_git:     ssh ute@localhost
2015-09-10,11:06:32    DEBUG:                     server.__main__ -                                                        git_launch:     ssh_process = <pexpect.spawn object at 0x1f73d90>
version: 3.2
command: /usr/bin/ssh
args: ['/usr/bin/ssh', 'ute@localhost']
searcher: <pexpect.searcher_re object at 0x1f7d0d0>
buffer (last 100 chars): ''
before (last 100 chars): ''
after: 'Linux ute-image 3.2.0-4-amd64 #1 SMP Debian 3.2.65-1 x86_64\r\n\r\nThe programs included with the Debian GNU/Linux system are free software;\r\nthe exact distribution terms for each program are described in the\r\nindividual files in /usr/share/doc/*/copyright.\r\n\r\nDebian GNU/Linux comes with ABSOLUTELY NO WARRANTY, to the extent\r\npermitted by applicable law.\r\nLast login: Thu Sep 10 13:05:51 2015 from ::1\r\r\nute@ute-image:~$ cd /home/ute/PycharmProjects/projekty/Internship-15'
match: <_sre.SRE_Match object at 0x1effed0>
match_index: 0
exitstatus: None
flag_eof: False
pid: 20216
child_fd: 6
closed: False
timeout: 30
delimiter: <class 'pexpect.EOF'>
logfile: None
logfile_read: None
logfile_send: None
maxread: 2000
ignorecase: False
searchwindowsize: None
delaybeforesend: 0.05
delayafterclose: 0.1
delayafterterminate: 0.1
2015-09-10,11:06:33    ERROR:                     server.__main__ -                                                        git_action:     Unknown failure
2015-09-10,11:07:52     INFO:                     server.__main__ -                                                       ssh_for_git:     ssh ute@localhost
2015-09-10,11:07:52    DEBUG:                     server.__main__ -                                                        git_launch:     ssh_process = <pexpect.spawn object at 0x1928d90>
version: 3.2
command: /usr/bin/ssh
args: ['/usr/bin/ssh', 'ute@localhost']
searcher: <pexpect.searcher_re object at 0x1928fd0>
buffer (last 100 chars): ''
before (last 100 chars): ''
after: 'cd /home/ute/PycharmProjects/projekty/Internship-15'
match: <_sre.SRE_Match object at 0x18b5ed0>
match_index: 0
exitstatus: None
flag_eof: False
pid: 20560
child_fd: 6
closed: False
timeout: 30
delimiter: <class 'pexpect.EOF'>
logfile: None
logfile_read: None
logfile_send: None
maxread: 2000
ignorecase: False
searchwindowsize: None
delaybeforesend: 0.05
delayafterclose: 0.1
delayafterterminate: 0.1
2015-09-10,11:07:53    ERROR:                     server.__main__ -                                                        git_action:     Unknown failure
2015-09-10,11:08:06     INFO:                     server.__main__ -                                                       ssh_for_git:     ssh ute@localhost
2015-09-10,11:08:07    DEBUG:                     server.__main__ -                                                        git_launch:     ssh_process = <pexpect.spawn object at 0xb06d90>
version: 3.2
command: /usr/bin/ssh
args: ['/usr/bin/ssh', 'ute@localhost']
searcher: <pexpect.searcher_re object at 0xb100d0>
buffer (last 100 chars): ''
before (last 100 chars): ''
after: 'Linux ute-image 3.2.0-4-amd64 #1 SMP Debian 3.2.65-1 x86_64\r\n\r\nThe programs included with the Debian GNU/Linux system are free software;\r\nthe exact distribution terms for each program are described in the\r\nindividual files in /usr/share/doc/*/copyright.\r\n\r\nDebian GNU/Linux comes with ABSOLUTELY NO WARRANTY, to the extent\r\npermitted by applicable law.\r\nLast login: Thu Sep 10 13:07:52 2015 from ::1\r\r\nute@ute-image:~$ cd /home/ute/PycharmProjects/projekty/Internship-15'
match: <_sre.SRE_Match object at 0xa92ed0>
match_index: 0
exitstatus: None
flag_eof: False
pid: 20677
child_fd: 6
closed: False
timeout: 30
delimiter: <class 'pexpect.EOF'>
logfile: None
logfile_read: None
logfile_send: None
maxread: 2000
ignorecase: False
searchwindowsize: None
delaybeforesend: 0.05
delayafterclose: 0.1
delayafterterminate: 0.1
2015-09-10,11:08:08    ERROR:                     server.__main__ -                                                        git_action:     Unknown failure
2015-09-10,11:10:22     INFO:                     server.__main__ -                                                       ssh_for_git:     ssh ute@localhost
2015-09-10,11:10:23    DEBUG:                     server.__main__ -                                                        git_launch:     ssh_process = <pexpect.spawn object at 0xe03d90>
version: 3.2
command: /usr/bin/ssh
args: ['/usr/bin/ssh', 'ute@localhost']
searcher: <pexpect.searcher_re object at 0xe0e0d0>
buffer (last 100 chars): ''
before (last 100 chars): ''
after: 'Linux ute-image 3.2.0-4-amd64 #1 SMP Debian 3.2.65-1 x86_64\r\n\r\nThe programs included with the Debian GNU/Linux system are free software;\r\nthe exact distribution terms for each program are described in the\r\nindividual files in /usr/share/doc/*/copyright.\r\n\r\nDebian GNU/Linux comes with ABSOLUTELY NO WARRANTY, to the extent\r\npermitted by applicable law.\r\nLast login: Thu Sep 10 13:08:06 2015 from ::1\r\r\nute@ute-image:~$ cd /home/ute/PycharmProjects/projekty/Internship-15'
match: <_sre.SRE_Match object at 0xd90ed0>
match_index: 0
exitstatus: None
flag_eof: False
pid: 20890
child_fd: 6
closed: False
timeout: 30
delimiter: <class 'pexpect.EOF'>
logfile: None
logfile_read: None
logfile_send: None
maxread: 2000
ignorecase: False
searchwindowsize: None
delaybeforesend: 0.05
delayafterclose: 0.1
delayafterterminate: 0.1
2015-09-10,11:17:44     INFO:                     server.__main__ -                                                       ssh_for_git:     ssh ute@localhost
2015-09-10,11:17:45    DEBUG:                     server.__main__ -                                                        git_launch:     ssh_process = <pexpect.spawn object at 0x131ed90>
version: 3.2
command: /usr/bin/ssh
args: ['/usr/bin/ssh', 'ute@localhost']
searcher: <pexpect.searcher_re object at 0x13280d0>
buffer (last 100 chars): ''
before (last 100 chars): ''
after: 'Linux ute-image 3.2.0-4-amd64 #1 SMP Debian 3.2.65-1 x86_64\r\n\r\nThe programs included with the Debian GNU/Linux system are free software;\r\nthe exact distribution terms for each program are described in the\r\nindividual files in /usr/share/doc/*/copyright.\r\n\r\nDebian GNU/Linux comes with ABSOLUTELY NO WARRANTY, to the extent\r\npermitted by applicable law.\r\nLast login: Thu Sep 10 13:10:22 2015 from ::1\r\r\nute@ute-image:~$ cd /home/ute/PycharmProjects/projekty/Internship-15'
match: <_sre.SRE_Match object at 0x12abf38>
match_index: 0
exitstatus: None
flag_eof: False
pid: 21315
child_fd: 6
closed: False
timeout: 30
delimiter: <class 'pexpect.EOF'>
logfile: None
logfile_read: None
logfile_send: None
maxread: 2000
ignorecase: False
searchwindowsize: None
delaybeforesend: 0.05
delayafterclose: 0.1
delayafterterminate: 0.1
2015-09-10,11:19:38     INFO:                     server.__main__ -                                                       ssh_for_git:     ssh ute@localhost
2015-09-10,11:19:39    DEBUG:                     server.__main__ -                                                        git_launch:     ssh_process = <pexpect.spawn object at 0x290dd90>
version: 3.2
command: /usr/bin/ssh
args: ['/usr/bin/ssh', 'ute@localhost']
searcher: <pexpect.searcher_re object at 0x29170d0>
buffer (last 100 chars): ''
before (last 100 chars): ''
after: 'Linux ute-image 3.2.0-4-amd64 #1 SMP Debian 3.2.65-1 x86_64\r\n\r\nThe programs included with the Debian GNU/Linux system are free software;\r\nthe exact distribution terms for each program are described in the\r\nindividual files in /usr/share/doc/*/copyright.\r\n\r\nDebian GNU/Linux comes with ABSOLUTELY NO WARRANTY, to the extent\r\npermitted by applicable law.\r\nLast login: Thu Sep 10 13:17:44 2015 from ::1\r\r\nute@ute-image:~$ cd /home/ute/PycharmProjects/projekty/Internship-15'
match: <_sre.SRE_Match object at 0x289af38>
match_index: 0
exitstatus: None
flag_eof: False
pid: 21482
child_fd: 6
closed: False
timeout: 30
delimiter: <class 'pexpect.EOF'>
logfile: None
logfile_read: None
logfile_send: None
maxread: 2000
ignorecase: False
searchwindowsize: None
delaybeforesend: 0.05
delayafterclose: 0.1
delayafterterminate: 0.1
2015-09-10,11:20:37     INFO:                     server.__main__ -                                                       ssh_for_git:     ssh ute@localhost
2015-09-10,11:20:38    DEBUG:                     server.__main__ -                                                        git_launch:     ssh_process = <pexpect.spawn object at 0xf01d90>
version: 3.2
command: /usr/bin/ssh
args: ['/usr/bin/ssh', 'ute@localhost']
searcher: <pexpect.searcher_re object at 0xf0b0d0>
buffer (last 100 chars): ''
before (last 100 chars): ''
after: 'Linux ute-image 3.2.0-4-amd64 #1 SMP Debian 3.2.65-1 x86_64\r\n\r\nThe programs included with the Debian GNU/Linux system are free software;\r\nthe exact distribution terms for each program are described in the\r\nindividual files in /usr/share/doc/*/copyright.\r\n\r\nDebian GNU/Linux comes with ABSOLUTELY NO WARRANTY, to the extent\r\npermitted by applicable law.\r\nLast login: Thu Sep 10 13:19:38 2015 from ::1\r\r\nute@ute-image:~$ cd /home/ute/PycharmProjects/projekty/Internship-15'
match: <_sre.SRE_Match object at 0xe8df38>
match_index: 0
exitstatus: None
flag_eof: False
pid: 21641
child_fd: 6
closed: False
timeout: 30
delimiter: <class 'pexpect.EOF'>
logfile: None
logfile_read: None
logfile_send: None
maxread: 2000
ignorecase: False
searchwindowsize: None
delaybeforesend: 0.05
delayafterclose: 0.1
delayafterterminate: 0.1
2015-09-10,11:21:56     INFO:                     server.__main__ -                                                       ssh_for_git:     ssh ute@localhost
2015-09-10,11:21:57    DEBUG:                     server.__main__ -                                                        git_launch:     ssh_process = <pexpect.spawn object at 0x1a93d90>
version: 3.2
command: /usr/bin/ssh
args: ['/usr/bin/ssh', 'ute@localhost']
searcher: <pexpect.searcher_re object at 0x1a9e0d0>
buffer (last 100 chars): ''
before (last 100 chars): ''
after: 'Linux ute-image 3.2.0-4-amd64 #1 SMP Debian 3.2.65-1 x86_64\r\n\r\nThe programs included with the Debian GNU/Linux system are free software;\r\nthe exact distribution terms for each program are described in the\r\nindividual files in /usr/share/doc/*/copyright.\r\n\r\nDebian GNU/Linux comes with ABSOLUTELY NO WARRANTY, to the extent\r\npermitted by applicable law.\r\nLast login: Thu Sep 10 13:20:37 2015 from ::1\r\r\nute@ute-image:~$ cd /home/ute/PycharmProjects/projekty/Internship-15'
match: <_sre.SRE_Match object at 0x1a20f38>
match_index: 0
exitstatus: None
flag_eof: False
pid: 21805
child_fd: 6
closed: False
timeout: 30
delimiter: <class 'pexpect.EOF'>
logfile: None
logfile_read: None
logfile_send: None
maxread: 2000
ignorecase: False
searchwindowsize: None
delaybeforesend: 0.05
delayafterclose: 0.1
delayafterterminate: 0.1
2015-09-10,11:22:57     INFO:                     server.__main__ -                                                       ssh_for_git:     ssh ute@localhost
2015-09-10,11:22:58    DEBUG:                     server.__main__ -                                                        git_launch:     ssh_process = <pexpect.spawn object at 0xa9dd90>
version: 3.2
command: /usr/bin/ssh
args: ['/usr/bin/ssh', 'ute@localhost']
searcher: <pexpect.searcher_re object at 0xaa80d0>
buffer (last 100 chars): ''
before (last 100 chars): ''
after: 'Linux ute-image 3.2.0-4-amd64 #1 SMP Debian 3.2.65-1 x86_64\r\n\r\nThe programs included with the Debian GNU/Linux system are free software;\r\nthe exact distribution terms for each program are described in the\r\nindividual files in /usr/share/doc/*/copyright.\r\n\r\nDebian GNU/Linux comes with ABSOLUTELY NO WARRANTY, to the extent\r\npermitted by applicable law.\r\nLast login: Thu Sep 10 13:21:56 2015 from ::1\r\r\nute@ute-image:~$ cd /home/ute/PycharmProjects/projekty/Internship-15'
match: <_sre.SRE_Match object at 0xa2af38>
match_index: 0
exitstatus: None
flag_eof: False
pid: 21970
child_fd: 6
closed: False
timeout: 30
delimiter: <class 'pexpect.EOF'>
logfile: None
logfile_read: None
logfile_send: None
maxread: 2000
ignorecase: False
searchwindowsize: None
delaybeforesend: 0.05
delayafterclose: 0.1
delayafterterminate: 0.1
